<?xml version="1.0" encoding="UTF-8"?>
<!-- Generated by org.testng.reporters.JUnitXMLReporter -->
<testsuite hostname="sakhashaik-ThinkPad-T450" ignored="0" name="sample1" tests="1" failures="1" timestamp="2019-12-23T18:36:03 IST" time="0.737" errors="0">
  <testcase name="getInputData" time="0.688" classname="com.Resources.Create_Testng">
    <failure type="java.lang.NullPointerException">
      <![CDATA[java.lang.NullPointerException
at com.Resources.Excel.getTestData(Excel.java:90)
at com.Resources.Create_Testng.getInputData(Create_Testng.java:48)
at java.util.ArrayList.forEach(ArrayList.java:1257)
... Removed 27 stack frames]]>
    </failure>
  </testcase> <!-- getInputData -->
</testsuite> <!-- sample1 -->
