<?xml version="1.0" encoding="UTF-8"?>
<testng-results skipped="0" failed="0" ignored="0" total="1" passed="1">
  <reporter-output>
  </reporter-output>
  <suite name="Default suite" duration-ms="8552" started-at="2020-01-03T20:43:04 IST" finished-at="2020-01-03T20:43:12 IST">
    <groups>
    </groups>
    <test name="Default test" duration-ms="8552" started-at="2020-01-03T20:43:04 IST" finished-at="2020-01-03T20:43:12 IST">
      <class name="com.Tests.Exam">
        <test-method status="PASS" signature="test()[pri:0, instance:com.Tests.Exam@51b7e5df]" name="test" duration-ms="8507" started-at="2020-01-03T20:43:04 IST" finished-at="2020-01-03T20:43:12 IST">
          <reporter-output>
          </reporter-output>
        </test-method> <!-- test -->
      </class> <!-- com.Tests.Exam -->
    </test> <!-- Default test -->
  </suite> <!-- Default suite -->
</testng-results>
