<?xml version="1.0" encoding="UTF-8"?>
<testng-results skipped="0" failed="0" total="0" passed="0">
  <reporter-output>
  </reporter-output>
  <suite name="Test.FrameWork.AppTest" duration-ms="3" started-at="2019-10-07T06:31:33Z" finished-at="2019-10-07T06:31:33Z">
    <groups>
    </groups>
    <test name="Command line test" duration-ms="3" started-at="2019-10-07T06:31:33Z" finished-at="2019-10-07T06:31:33Z">
    </test> <!-- Command line test -->
  </suite> <!-- Test.FrameWork.AppTest -->
</testng-results>
